<?xml version="1.0" encoding="UTF-8"?>
<!-- Generated by org.testng.reporters.JUnitXMLReporter -->
<testsuite ignored="0" hostname="INLEN8520030622" failures="1" tests="3" name="Test" time="0.049" errors="0" timestamp="2023-03-27T16:10:41 IST">
  <testcase classname="Listeners.LoginTest" name="loginviaFacebook" time="0.008"/>
  <testcase classname="Listeners.LoginTest" name="loginviaGoogle" time="0.002">
    <failure type="java.lang.AssertionError" message="expected [string1] but found [string]">
      <![CDATA[java.lang.AssertionError: expected [string1] but found [string]
at Listeners.LoginTest.loginviaGoogle(LoginTest.java:19)
at java.base/java.util.ArrayList.forEach(ArrayList.java:1511)
... Removed 33 stack frames]]>
    </failure>
  </testcase> <!-- loginviaGoogle -->
  <testcase classname="Listeners.LoginTest" name="loginviaTwitter" time="0.001"/>
</testsuite> <!-- Test -->
